Started GET "/" for ::1 at 2024-12-16 17:10:56 -0800
  [1m[35m (0.7ms)[0m  [1m[35mCREATE TABLE "schema_migrations" ("version" varchar NOT NULL PRIMARY KEY) /*application='MicroReddit'*/[0m
  [1m[35m (0.5ms)[0m  [1m[35mCREATE TABLE "ar_internal_metadata" ("key" varchar NOT NULL PRIMARY KEY, "value" varchar, "created_at" datetime(6) NOT NULL, "updated_at" datetime(6) NOT NULL) /*application='MicroReddit'*/[0m
  [1m[36mActiveRecord::SchemaMigration Load (0.1ms)[0m  [1m[34mSELECT "schema_migrations"."version" FROM "schema_migrations" ORDER BY "schema_migrations"."version" ASC /*application='MicroReddit'*/[0m
Processing by Rails::WelcomeController#index as HTML
  Rendering /Users/jennice/.rbenv/versions/3.3.5/lib/ruby/gems/3.3.0/gems/railties-8.0.1/lib/rails/templates/rails/welcome/index.html.erb
  Rendered /Users/jennice/.rbenv/versions/3.3.5/lib/ruby/gems/3.3.0/gems/railties-8.0.1/lib/rails/templates/rails/welcome/index.html.erb (Duration: 0.7ms | GC: 0.0ms)
Completed 200 OK in 171ms (Views: 9.4ms | ActiveRecord: 0.0ms (0 queries, 0 cached) | GC: 0.0ms)


Started GET "/" for ::1 at 2024-12-16 17:47:51 -0800
  [1m[36mActiveRecord::SchemaMigration Load (0.6ms)[0m  [1m[34mSELECT "schema_migrations"."version" FROM "schema_migrations" ORDER BY "schema_migrations"."version" ASC /*application='MicroReddit'*/[0m
Processing by Rails::WelcomeController#index as HTML
  Rendering /Users/jennice/.rbenv/versions/3.3.5/lib/ruby/gems/3.3.0/gems/railties-8.0.1/lib/rails/templates/rails/welcome/index.html.erb
  Rendered /Users/jennice/.rbenv/versions/3.3.5/lib/ruby/gems/3.3.0/gems/railties-8.0.1/lib/rails/templates/rails/welcome/index.html.erb (Duration: 0.8ms | GC: 0.0ms)
Completed 200 OK in 178ms (Views: 5.1ms | ActiveRecord: 0.0ms (0 queries, 0 cached) | GC: 0.0ms)


  [1m[36mActiveRecord::InternalMetadata Load (0.5ms)[0m  [1m[34mSELECT * FROM "ar_internal_metadata" WHERE "ar_internal_metadata"."key" = 'environment' ORDER BY "ar_internal_metadata"."key" ASC LIMIT 1 /*application='MicroReddit'*/[0m
  [1m[36mActiveRecord::InternalMetadata Create (0.6ms)[0m  [1m[32mINSERT INTO "ar_internal_metadata" ("key", "value", "created_at", "updated_at") VALUES ('environment', 'development', '2024-12-17 02:37:30.894397', '2024-12-17 02:37:30.894401') RETURNING "key" /*application='MicroReddit'*/[0m
  [1m[36mActiveRecord::SchemaMigration Load (0.1ms)[0m  [1m[34mSELECT "schema_migrations"."version" FROM "schema_migrations" ORDER BY "schema_migrations"."version" ASC /*application='MicroReddit'*/[0m
Migrating to CreateUsers (20241217023452)
  [1m[36mTRANSACTION (0.0ms)[0m  [1m[35mBEGIN immediate TRANSACTION /*application='MicroReddit'*/[0m
  [1m[35m (1.2ms)[0m  [1m[35mCREATE TABLE "users" ("id" integer PRIMARY KEY AUTOINCREMENT NOT NULL, "username" varchar, "email" varchar, "password" varchar, "profile_pic" varchar, "created_at" datetime(6) NOT NULL, "updated_at" datetime(6) NOT NULL) /*application='MicroReddit'*/[0m
  [1m[36mActiveRecord::SchemaMigration Create (0.3ms)[0m  [1m[32mINSERT INTO "schema_migrations" ("version") VALUES ('20241217023452') RETURNING "version" /*application='MicroReddit'*/[0m
  [1m[36mTRANSACTION (2.3ms)[0m  [1m[35mCOMMIT TRANSACTION /*application='MicroReddit'*/[0m
  [1m[36mActiveRecord::SchemaMigration Load (0.1ms)[0m  [1m[34mSELECT "schema_migrations"."version" FROM "schema_migrations" ORDER BY "schema_migrations"."version" ASC /*application='MicroReddit'*/[0m
  [1m[36mUser Load (8.2ms)[0m  [1m[34mSELECT "users".* FROM "users" /* loading for pp */ LIMIT 11 /*application='MicroReddit'*/[0m
  [1m[36mTRANSACTION (0.1ms)[0m  [1m[35mBEGIN immediate TRANSACTION /*application='MicroReddit'*/[0m
  [1m[36mUser Create (2.7ms)[0m  [1m[32mINSERT INTO "users" ("username", "email", "password", "profile_pic", "created_at", "updated_at") VALUES ('Pikachu', 'pikachu@kantoregion.com', 'pikapika', 'https://static.wikia.nocookie.net/pokemon/images/0/0d/0025PPikachu.png/revision/latest/scale-to-width/360?cb=20240714164138', '2024-12-17 02:42:18.176463', '2024-12-17 02:42:18.176463') RETURNING "id" /*application='MicroReddit'*/[0m
  [1m[36mTRANSACTION (0.8ms)[0m  [1m[35mCOMMIT TRANSACTION /*application='MicroReddit'*/[0m
  [1m[36mUser Load (0.2ms)[0m  [1m[34mSELECT "users".* FROM "users" /* loading for pp */ LIMIT 11 /*application='MicroReddit'*/[0m
  [1m[36mUser Load (4.1ms)[0m  [1m[34mSELECT "users".* FROM "users" /* loading for pp */ LIMIT 11 /*application='MicroReddit'*/[0m
  [1m[36mUser Load (3.2ms)[0m  [1m[34mSELECT "users".* FROM "users" /* loading for pp */ LIMIT 11 /*application='MicroReddit'*/[0m
  [1m[36mUser Load (0.1ms)[0m  [1m[34mSELECT "users".* FROM "users" WHERE "users"."id" = 1 LIMIT 1 /*application='MicroReddit'*/[0m
  [1m[36mUser Load (0.2ms)[0m  [1m[34mSELECT "users".* FROM "users" WHERE "users"."id" = 1 LIMIT 1 /*application='MicroReddit'*/[0m
  [1m[36mUser Load (0.4ms)[0m  [1m[34mSELECT "users".* FROM "users" /* loading for pp */ LIMIT 11 /*application='MicroReddit'*/[0m
  [1m[36mUser Load (0.1ms)[0m  [1m[34mSELECT "users".* FROM "users" WHERE "users"."id" = 2 LIMIT 1 /*application='MicroReddit'*/[0m
  [1m[36mUser Load (0.2ms)[0m  [1m[34mSELECT "users".* FROM "users" WHERE "users"."id" = 2 LIMIT 1 /*application='MicroReddit'*/[0m
  [1m[36mUser Load (0.2ms)[0m  [1m[34mSELECT "users".* FROM "users" /* loading for pp */ LIMIT 11 /*application='MicroReddit'*/[0m
  [1m[36mTRANSACTION (2.0ms)[0m  [1m[35mBEGIN immediate TRANSACTION /*application='MicroReddit'*/[0m
  [1m[36mUser Create (4.2ms)[0m  [1m[32mINSERT INTO "users" ("username", "email", "password", "profile_pic", "created_at", "updated_at") VALUES ('jigglypuff', 'jigglypuff@thepokemoncenter.com', 'jigglyjiggly', '', '2024-12-17 03:33:29.272498', '2024-12-17 03:33:29.272498') RETURNING "id" /*application='MicroReddit'*/[0m
  [1m[36mTRANSACTION (1.1ms)[0m  [1m[35mCOMMIT TRANSACTION /*application='MicroReddit'*/[0m
  [1m[36mUser Load (0.2ms)[0m  [1m[34mSELECT "users".* FROM "users" /* loading for pp */ LIMIT 11 /*application='MicroReddit'*/[0m
